<?xml version="1.0" encoding="UTF-8"?>
<!-- Generated by org.testng.reporters.JUnitXMLReporter -->
<testsuite hostname="LAPTOP-8LOAM9LK" ignored="0" name="Default test" tests="3" failures="0" timestamp="2020-05-19T20:09:25 CDT" time="0.083" errors="0">
  <testcase name="test1" time="0.007" classname="com.syntax.class01.Task01"/>
  <testcase name="test2" time="0.003" classname="com.syntax.class01.Task01"/>
  <testcase name="test3" time="0.004" classname="com.syntax.class01.Task01"/>
</testsuite> <!-- Default test -->
