<?xml version="1.0" encoding="UTF-8"?>
<!-- Generated by org.testng.reporters.JUnitXMLReporter -->
<testsuite hostname="LAPTOP-8LOAM9LK" ignored="0" name="Default test" tests="4" failures="0" timestamp="2020-05-28T21:01:13 CDT" time="44.883" errors="0">
  <testcase name="login" time="5.968" classname="com.syntax.Review01.SauseDemoLogin"/>
  <testcase name="login" time="3.634" classname="com.syntax.Review01.SauseDemoLogin"/>
  <testcase name="login" time="10.639" classname="com.syntax.Review01.SauseDemoLogin"/>
  <testcase name="login" time="4.192" classname="com.syntax.Review01.SauseDemoLogin"/>
</testsuite> <!-- Default test -->
