<?xml version="1.0" encoding="UTF-8"?>
<!-- Generated by org.testng.reporters.JUnitXMLReporter -->
<testsuite hostname="LAPTOP-8LOAM9LK" ignored="2" name="Test" tests="2" failures="0" timestamp="2020-05-26T20:48:19 CDT" time="0.072" errors="0">
  <testcase name="test2" time="0.012" classname="com.syntax.class03.GroupsDemo"/>
  <testcase name="test4" time="0.002" classname="com.syntax.class03.GroupsDemo"/>
  <testcase name="test1" time="0.0" classname="com.syntax.class03.GroupsDemo">
    <ignored/>
  </testcase> <!-- test1 -->
  <testcase name="test3" time="0.0" classname="com.syntax.class03.GroupsDemo">
    <ignored/>
  </testcase> <!-- test3 -->
</testsuite> <!-- Test -->
