<?xml version="1.0" encoding="UTF-8"?>
<!-- Generated by org.testng.reporters.JUnitXMLReporter -->
<testsuite hostname="LAPTOP-8LOAM9LK" ignored="0" name="Listener Test" tests="2" failures="1" timestamp="2020-05-28T12:14:01 CDT" time="0.079" errors="0">
  <testcase name="test1" time="0.014" classname="com.syntax.class04.ListenerDemo"/>
  <testcase name="test2" time="0.005" classname="com.syntax.class04.ListenerDemo">
    <failure type="java.lang.AssertionError" message="expected [true] but found [false]">
      <![CDATA[java.lang.AssertionError: expected [true] but found [false]
at com.syntax.class04.ListenerDemo.test2(ListenerDemo.java:17)
at java.util.ArrayList.forEach(Unknown Source)
... Removed 31 stack frames]]>
    </failure>
  </testcase> <!-- test2 -->
</testsuite> <!-- Listener Test -->
