<?xml version="1.0" encoding="UTF-8"?>
<testng-results skipped="0" failed="0" ignored="0" total="1" passed="1">
  <reporter-output>
  </reporter-output>
  <suite name="Default suite" duration-ms="7871" started-at="2020-05-20T13:40:05 CDT" finished-at="2020-05-20T13:40:13 CDT">
    <groups>
    </groups>
    <test name="Default test" duration-ms="7871" started-at="2020-05-20T13:40:05 CDT" finished-at="2020-05-20T13:40:13 CDT">
      <class name="com.syntax.class01.HWTask02_PasswordCannotBeEmpty">
        <test-method status="PASS" signature="openAndNavigate1()[pri:0, instance:com.syntax.class01.HWTask02_PasswordCannotBeEmpty@cd2dae5]" name="openAndNavigate1" is-config="true" duration-ms="7710" started-at="2020-05-20T13:40:05 CDT" finished-at="2020-05-20T13:40:12 CDT">
          <reporter-output>
          </reporter-output>
        </test-method> <!-- openAndNavigate1 -->
        <test-method status="PASS" signature="passwordEmpty()[pri:0, instance:com.syntax.class01.HWTask02_PasswordCannotBeEmpty@cd2dae5]" name="passwordEmpty" duration-ms="92" started-at="2020-05-20T13:40:12 CDT" finished-at="2020-05-20T13:40:13 CDT">
          <reporter-output>
          </reporter-output>
        </test-method> <!-- passwordEmpty -->
      </class> <!-- com.syntax.class01.HWTask02_PasswordCannotBeEmpty -->
    </test> <!-- Default test -->
  </suite> <!-- Default suite -->
</testng-results>
